[10:05:26] [main/INFO]: Setting user: Player546
[10:05:28] [Client thread/INFO]: LWJGL Version: 2.9.1
[10:05:33] [Client thread/INFO]: Reloading ResourceManager: Default, FMLFileResourcePack:Forge Mod Loader, FMLFileResourcePack:Minecraft Forge, FMLFileResourcePack:Custom RPG
[10:05:34] [Sound Library Loader/INFO]: Sound engine started
[10:05:37] [Client thread/INFO]: Created: 512x256 textures/blocks-atlas
[10:05:37] [Client thread/ERROR]: Using missing texture, unable to load customrpg:textures/items/custom01.png
java.io.FileNotFoundException: customrpg:textures/items/custom01.png
	at net.minecraft.client.resources.SimpleReloadableResourceManager.getResource(SimpleReloadableResourceManager.java:71) ~[SimpleReloadableResourceManager.class:?]
	at net.minecraft.client.renderer.texture.TextureMap.loadTextureAtlas(TextureMap.java:126) [TextureMap.class:?]
	at net.minecraft.client.renderer.texture.TextureMap.loadTexture(TextureMap.java:91) [TextureMap.class:?]
	at net.minecraft.client.renderer.texture.TextureManager.loadTexture(TextureManager.java:89) [TextureManager.class:?]
	at net.minecraft.client.renderer.texture.TextureManager.loadTickableTexture(TextureManager.java:71) [TextureManager.class:?]
	at net.minecraft.client.renderer.texture.TextureManager.loadTextureMap(TextureManager.java:58) [TextureManager.class:?]
	at net.minecraft.client.Minecraft.startGame(Minecraft.java:583) [Minecraft.class:?]
	at net.minecraft.client.Minecraft.run(Minecraft.java:931) [Minecraft.class:?]
	at net.minecraft.client.main.Main.main(Main.java:164) [Main.class:?]
	at sun.reflect.NativeMethodAccessorImpl.invoke0(Native Method) ~[?:1.7.0_71]
	at sun.reflect.NativeMethodAccessorImpl.invoke(NativeMethodAccessorImpl.java:57) ~[?:1.7.0_71]
	at sun.reflect.DelegatingMethodAccessorImpl.invoke(DelegatingMethodAccessorImpl.java:43) ~[?:1.7.0_71]
	at java.lang.reflect.Method.invoke(Method.java:606) ~[?:1.7.0_71]
	at net.minecraft.launchwrapper.Launch.launch(Launch.java:135) [launchwrapper-1.11.jar:?]
	at net.minecraft.launchwrapper.Launch.main(Launch.java:28) [launchwrapper-1.11.jar:?]
	at net.minecraftforge.gradle.GradleStartCommon.launch(GradleStartCommon.java:78) [start/:?]
	at GradleStart.main(GradleStart.java:45) [start/:?]
	at sun.reflect.NativeMethodAccessorImpl.invoke0(Native Method) ~[?:1.7.0_71]
	at sun.reflect.NativeMethodAccessorImpl.invoke(NativeMethodAccessorImpl.java:57) ~[?:1.7.0_71]
	at sun.reflect.DelegatingMethodAccessorImpl.invoke(DelegatingMethodAccessorImpl.java:43) ~[?:1.7.0_71]
	at java.lang.reflect.Method.invoke(Method.java:606) ~[?:1.7.0_71]
	at com.intellij.rt.execution.application.AppMain.main(AppMain.java:134) [idea_rt.jar:?]
[10:05:37] [Client thread/INFO]: Created: 256x256 textures/items-atlas
[10:05:37] [Client thread/INFO]: Reloading ResourceManager: Default, FMLFileResourcePack:Forge Mod Loader, FMLFileResourcePack:Minecraft Forge, FMLFileResourcePack:Custom RPG
[10:05:37] [Client thread/ERROR]: Using missing texture, unable to load customrpg:textures/items/custom01.png
java.io.FileNotFoundException: customrpg:textures/items/custom01.png
	at net.minecraft.client.resources.SimpleReloadableResourceManager.getResource(SimpleReloadableResourceManager.java:71) ~[SimpleReloadableResourceManager.class:?]
	at net.minecraft.client.renderer.texture.TextureMap.loadTextureAtlas(TextureMap.java:126) [TextureMap.class:?]
	at net.minecraft.client.renderer.texture.TextureMap.loadTexture(TextureMap.java:91) [TextureMap.class:?]
	at net.minecraft.client.renderer.texture.TextureManager.loadTexture(TextureManager.java:89) [TextureManager.class:?]
	at net.minecraft.client.renderer.texture.TextureManager.onResourceManagerReload(TextureManager.java:170) [TextureManager.class:?]
	at net.minecraft.client.resources.SimpleReloadableResourceManager.notifyReloadListeners(SimpleReloadableResourceManager.java:134) [SimpleReloadableResourceManager.class:?]
	at net.minecraft.client.resources.SimpleReloadableResourceManager.reloadResources(SimpleReloadableResourceManager.java:118) [SimpleReloadableResourceManager.class:?]
	at net.minecraft.client.Minecraft.refreshResources(Minecraft.java:643) [Minecraft.class:?]
	at cpw.mods.fml.client.FMLClientHandler.finishMinecraftLoading(FMLClientHandler.java:303) [FMLClientHandler.class:?]
	at net.minecraft.client.Minecraft.startGame(Minecraft.java:586) [Minecraft.class:?]
	at net.minecraft.client.Minecraft.run(Minecraft.java:931) [Minecraft.class:?]
	at net.minecraft.client.main.Main.main(Main.java:164) [Main.class:?]
	at sun.reflect.NativeMethodAccessorImpl.invoke0(Native Method) ~[?:1.7.0_71]
	at sun.reflect.NativeMethodAccessorImpl.invoke(NativeMethodAccessorImpl.java:57) ~[?:1.7.0_71]
	at sun.reflect.DelegatingMethodAccessorImpl.invoke(DelegatingMethodAccessorImpl.java:43) ~[?:1.7.0_71]
	at java.lang.reflect.Method.invoke(Method.java:606) ~[?:1.7.0_71]
	at net.minecraft.launchwrapper.Launch.launch(Launch.java:135) [launchwrapper-1.11.jar:?]
	at net.minecraft.launchwrapper.Launch.main(Launch.java:28) [launchwrapper-1.11.jar:?]
	at net.minecraftforge.gradle.GradleStartCommon.launch(GradleStartCommon.java:78) [start/:?]
	at GradleStart.main(GradleStart.java:45) [start/:?]
	at sun.reflect.NativeMethodAccessorImpl.invoke0(Native Method) ~[?:1.7.0_71]
	at sun.reflect.NativeMethodAccessorImpl.invoke(NativeMethodAccessorImpl.java:57) ~[?:1.7.0_71]
	at sun.reflect.DelegatingMethodAccessorImpl.invoke(DelegatingMethodAccessorImpl.java:43) ~[?:1.7.0_71]
	at java.lang.reflect.Method.invoke(Method.java:606) ~[?:1.7.0_71]
	at com.intellij.rt.execution.application.AppMain.main(AppMain.java:134) [idea_rt.jar:?]
[10:05:37] [Client thread/INFO]: Created: 256x256 textures/items-atlas
[10:05:38] [Client thread/INFO]: Created: 512x256 textures/blocks-atlas
[10:05:38] [Sound Library Loader/INFO]: Sound engine started
[10:05:45] [Server thread/INFO]: Starting integrated minecraft server version 1.7.10
[10:05:45] [Server thread/INFO]: Generating keypair
[10:05:45] [Server thread/INFO]: Preparing start region for level 0
[10:05:46] [Server thread/INFO]: Changing view distance to 12, from 10
[10:05:47] [Server thread/INFO]: Player546[local:E:7b748379] logged in with entity id 201 at (-1421.3715131680171, 4.0, 209.4264447203131)
[10:05:47] [Server thread/INFO]: Player546 joined the game
[10:05:57] [Server thread/INFO]: Saving and pausing game...
[10:05:57] [Server thread/INFO]: Saving chunks for level 'New World'/Overworld
[10:05:57] [Server thread/INFO]: Saving chunks for level 'New World'/Nether
[10:05:57] [Server thread/INFO]: Saving chunks for level 'New World'/The End
[10:05:58] [Server thread/INFO]: Stopping server
[10:05:58] [Server thread/INFO]: Saving players
[10:05:58] [Server thread/INFO]: Saving worlds
[10:05:58] [Server thread/INFO]: Saving chunks for level 'New World'/Overworld
[10:05:58] [Server thread/INFO]: Saving chunks for level 'New World'/Nether
[10:05:58] [Server thread/INFO]: Saving chunks for level 'New World'/The End
